10/25/2022
----------
Directory /var/www/html/RBPmap/1665966726 was deleted
Directory /var/www/html/RBPmap/1665968589 was deleted
Directory /var/www/html/RBPmap/1665968657 was deleted
Directory /var/www/html/RBPmap/1665968900 was deleted
Directory /var/www/html/RBPmap/1665968957 was deleted
Directory /var/www/html/RBPmap/1665972887 was deleted
Directory /var/www/html/RBPmap/1665972943 was deleted
Directory /var/www/html/RBPmap/1665975102_ was deleted
Directory /var/www/html/RBPmap/1665975531 was deleted
Directory /var/www/html/RBPmap/1665977012 was deleted
Directory /var/www/html/RBPmap/1665979898_ was deleted
Directory /var/www/html/RBPmap/1665986791_ was deleted
Directory /var/www/html/RBPmap/1665992644_ was deleted
Directory /var/www/html/RBPmap/1665995020 was deleted
Directory /var/www/html/RBPmap/1665996494 was deleted
Directory /var/www/html/RBPmap/1665999737_ was deleted
Directory /var/www/html/RBPmap/1665999775 was deleted
Directory /var/www/html/RBPmap/1666004814 was deleted
Directory /var/www/html/RBPmap/1666009170_ was deleted
Directory /var/www/html/RBPmap/1666014262_ was deleted
Directory /var/www/html/RBPmap/1666014347_ was deleted
Directory /var/www/html/RBPmap/1666015633 was deleted
Directory /var/www/html/RBPmap/1665979680_ was deleted
Directory /var/www/html/RBPmap/1665979698 was deleted
Directory /var/www/html/RBPmap/1665979754_ was deleted
Directory /var/www/html/RBPmap/1665979851 was deleted
Directory /var/www/html/RBPmap/1665979892_ was deleted
Directory /var/www/html/RBPmap/1665979907 was deleted
Directory /var/www/html/RBPmap/1665986804 was deleted
Directory /var/www/html/RBPmap/1665992694_ was deleted
Directory /var/www/html/RBPmap/1665995041 was deleted
Directory /var/www/html/RBPmap/1665998892 was deleted
Directory /var/www/html/RBPmap/1665999760_ was deleted
Directory /var/www/html/RBPmap/1665999857 was deleted
Directory /var/www/html/RBPmap/1666004869 was deleted
Directory /var/www/html/RBPmap/1666010951 was deleted
Directory /var/www/html/RBPmap/1666014285 was deleted
Directory /var/www/html/RBPmap/1666015426 was deleted
Directory /var/www/html/RBPmap/1666021791_ was deleted
Directory /var/www/html/RBPmap/1666026385 was deleted
Directory /var/www/html/RBPmap/1666021967_ was deleted
Directory /var/www/html/RBPmap/1666050040 was deleted
Directory /var/www/html/RBPmap/1666026410 was deleted
Directory /var/www/html/RBPmap/1666048030 was deleted
################################################################################################################

